<?xml version="1.0" encoding="UTF-8"?>
<!-- Generated by org.testng.reporters.JUnitReportReporter -->
<testsuite hostname="LAPTOP-BKP9G1P2" failures="0" tests="2" name="seleniumframework.NewTestNGPractice" time="32.518" errors="0" timestamp="2023-02-26T15:29:06 IST" skipped="0">
  <testcase classname="seleniumframework.NewTestNGPractice" name="Testfacebook" time="14.699"/>
  <system-out/>
  <testcase classname="seleniumframework.NewTestNGPractice" name="TestGoogle" time="17.819"/>
  <system-out/>
</testsuite> <!-- seleniumframework.NewTestNGPractice -->
